<?xml version="1.0" encoding="UTF-8"?>
<testng-results skipped="0" failed="0" ignored="0" total="2" passed="2">
  <reporter-output>
  </reporter-output>
  <suite name="Default suite" duration-ms="54140" started-at="2019-07-10T11:16:01Z" finished-at="2019-07-10T11:16:55Z">
    <groups>
    </groups>
    <test name="Default test" duration-ms="54140" started-at="2019-07-10T11:16:01Z" finished-at="2019-07-10T11:16:55Z">
      <class name="com.wallethub.facebook.tests.PostAnUpdate">
        <test-method status="PASS" signature="setup()[pri:0, instance:com.wallethub.facebook.tests.PostAnUpdate@3ffc5af1]" name="setup" is-config="true" duration-ms="5595" started-at="2019-07-10T11:16:01Z" finished-at="2019-07-10T11:16:06Z">
          <reporter-output>
          </reporter-output>
        </test-method> <!-- setup -->
        <test-method status="PASS" signature="login()[pri:0, instance:com.wallethub.facebook.tests.PostAnUpdate@3ffc5af1]" name="login" duration-ms="29393" started-at="2019-07-10T11:16:06Z" finished-at="2019-07-10T11:16:36Z">
          <reporter-output>
          </reporter-output>
        </test-method> <!-- login -->
        <test-method status="PASS" signature="postAnUpdate()[pri:0, instance:com.wallethub.facebook.tests.PostAnUpdate@3ffc5af1]" name="postAnUpdate" duration-ms="15607" started-at="2019-07-10T11:16:36Z" finished-at="2019-07-10T11:16:51Z">
          <reporter-output>
          </reporter-output>
        </test-method> <!-- postAnUpdate -->
        <test-method status="PASS" signature="tearDown()[pri:0, instance:com.wallethub.facebook.tests.PostAnUpdate@3ffc5af1]" name="tearDown" is-config="true" duration-ms="3488" started-at="2019-07-10T11:16:51Z" finished-at="2019-07-10T11:16:55Z">
          <reporter-output>
          </reporter-output>
        </test-method> <!-- tearDown -->
      </class> <!-- com.wallethub.facebook.tests.PostAnUpdate -->
    </test> <!-- Default test -->
  </suite> <!-- Default suite -->
</testng-results>
